ConsoleRedirect.cpp: stderr F3C1428/4
ConsoleRedirect.cpp: stderr 63ED1428/4
ConsoleRedirect.cpp: stderr 64B21428/4
ConsoleRedirect.cpp: stderr 64B21428/4
ConsoleRedirect.cpp: stderr 63351428/4
ConsoleRedirect.cpp: stderr 56431428/4
ConsoleRedirect.cpp: stderr F6C1428/4
ConsoleRedirect.cpp: stderr F781428/4
ConsoleRedirect.cpp: stderr 55801428/4
ConsoleRedirect.cpp: stderr FB81428/4
ConsoleRedirect.cpp: stderr 50181428/4
ConsoleRedirect.cpp: stderr 50521428/4
ConsoleRedirect.cpp: stderr F361428/4
ConsoleRedirect.cpp: stderr F921428/4
ConsoleRedirect.cpp: stderr 64C51428/4
ConsoleRedirect.cpp: stderr 6FD1428/5
ConsoleRedirect.cpp: stderr 6E71428/5
ConsoleRedirect.cpp: stderr 650C1428/4
ConsoleRedirect.cpp: stderr 77BF1428/4
ConsoleRedirect.cpp: stderr 77BF1428/4
ConsoleRedirect.cpp: stderr 77BF1428/4
ConsoleRedirect.cpp: stderr 60C01428/4
ConsoleRedirect.cpp: stderr 60901428/5
ConsoleRedirect.cpp: stderr 51AB1428/4
ConsoleRedirect.cpp: stderr 51641428/4
ConsoleRedirect.cpp: stderr 50291428/4
ConsoleRedirect.cpp: stderr 59DD1428/4
ConsoleRedirect.cpp: stderr 59DD1428/4
ConsoleRedirect.cpp: stderr 61871428/5
ConsoleRedirect.cpp: stderr FF81428/4
ConsoleRedirect.cpp: stderr FF81428/4
ConsoleRedirect.cpp: stderr F7E1428/4
ConsoleRedirect.cpp: stderr F5F1428/4
ConsoleRedirect.cpp: stderr 53E81428/4
ConsoleRedirect.cpp: stderr 53921428/4
ConsoleRedirect.cpp: stderr F8B1428/5
ConsoleRedirect.cpp: stderr F531428/5
ConsoleRedirect.cpp: stderr FBA1428/4
ConsoleRedirect.cpp: stderr 599A1428/4
ConsoleRedirect.cpp: stderr 564E1428/4
ConsoleRedirect.cpp: stderr 563B1428/4
ConsoleRedirect.cpp: stderr 5CA91428/4
ConsoleRedirect.cpp: stderr 58F91428/4
ConsoleRedirect.cpp: stderr 545C1428/4
ConsoleRedirect.cpp: stderr 54241428/4
ConsoleRedirect.cpp: stderr F5B1428/4
ConsoleRedirect.cpp: stderr 537B1428/4
ConsoleRedirect.cpp: stderr 52CE1428/4
ConsoleRedirect.cpp: stderr 5A931428/4
ConsoleRedirect.cpp: stderr 545C1428/4
ConsoleRedirect.cpp: stderr 54401428/4
ConsoleRedirect.cpp: stderr 545C1428/4
ConsoleRedirect.cpp: stderr 544C1428/4
ConsoleRedirect.cpp: stderr 599A1428/4
ConsoleRedirect.cpp: stderr 5A951428/4
ConsoleRedirect.cpp: stderr 599A1428/4
ConsoleRedirect.cpp: stderr 55751428/4
ConsoleRedirect.cpp: stderr 55621428/4
ConsoleRedirect.cpp: stderr 55751428/4
ConsoleRedirect.cpp: stderr 61741428/4
ConsoleRedirect.cpp: stderr 60F91428/4
ConsoleRedirect.cpp: stderr 60F81428/4
ConsoleRedirect.cpp: stderr 60F91428/4
ConsoleRedirect.cpp: stderr 60F81428/4
ConsoleRedirect.cpp: stderr 5FCC1428/4
ConsoleRedirect.cpp: stderr 612F1428/4
ConsoleRedirect.cpp: stderr 59EC1428/4
ConsoleRedirect.cpp: stderr 5ABB1428/4
ConsoleRedirect.cpp: stderr 597E1428/4
ConsoleRedirect.cpp: stderr 5D321428/4
ConsoleRedirect.cpp: stderr 5D2F1428/4
ConsoleRedirect.cpp: stderr 5DC81428/4
ConsoleRedirect.cpp: stderr 5DBE1428/4
ConsoleRedirect.cpp: stderr 5D4C1428/4
ConsoleRedirect.cpp: stderr 5D3C1428/4
ConsoleRedirect.cpp: stderr 5EAC1428/4
ConsoleRedirect.cpp: stderr 5EBA1428/4
ConsoleRedirect.cpp: stderr 5E9C1428/4
ConsoleRedirect.cpp: stderr 5ED81428/4
ConsoleRedirect.cpp: stderr 5EBA1428/4
ConsoleRedirect.cpp: stderr 5EA71428/4
ConsoleRedirect.cpp: stderr 5E9C1428/4
ConsoleRedirect.cpp: stderr 5ED81428/4
ConsoleRedirect.cpp: stderr 5EBA1428/4
ConsoleRedirect.cpp: stderr 5DCC1428/4
ConsoleRedirect.cpp: stderr 5ED81428/4
ConsoleRedirect.cpp: stderr 5DE91428/4
ConsoleRedirect.cpp: stderr 5EB41428/4
ConsoleRedirect.cpp: stderr 5ED81428/4
ConsoleRedirect.cpp: stderr 5ED81428/4
ConsoleRedirect.cpp: stderr 5EBB1428/4
ConsoleRedirect.cpp: stderr 5EBB1428/4
ConsoleRedirect.cpp: stderr 5A5B1428/4
ConsoleRedirect.cpp: stderr 5A761428/4
ConsoleRedirect.cpp: stderr 5B951428/4
ConsoleRedirect.cpp: stderr 5AE21428/4
ConsoleRedirect.cpp: stderr 569F1428/4
ConsoleRedirect.cpp: stderr 5B291428/4
ConsoleRedirect.cpp: stderr 569F1428/4
ConsoleRedirect.cpp: stderr 56D11428/4
ConsoleRedirect.cpp: stderr 5A991428/4
ConsoleRedirect.cpp: stderr 569F1428/4
ConsoleRedirect.cpp: stderr 56D11428/4
ConsoleRedirect.cpp: stderr 5B951428/4
ConsoleRedirect.cpp: stderr 5AEF1428/4
ConsoleRedirect.cpp: stderr 5AD11428/4
ConsoleRedirect.cpp: stderr 5B951428/4
ConsoleRedirect.cpp: stderr 5B951428/4
ConsoleRedirect.cpp: stderr 5AD81428/4
ConsoleRedirect.cpp: stderr 5B951428/4
ConsoleRedirect.cpp: stderr 5AFC1428/4
ConsoleRedirect.cpp: stderr 5B951428/4
ConsoleRedirect.cpp: stderr 5AD11428/4
ConsoleRedirect.cpp: stderr 5B951428/4
ConsoleRedirect.cpp: stderr 63AE1428/4
ConsoleRedirect.cpp: stderr 5C921428/4
ConsoleRedirect.cpp: stderr 617F1428/4
ConsoleRedirect.cpp: stderr 5BBE1428/4
ConsoleRedirect.cpp: stderr 61851428/4
ConsoleRedirect.cpp: stderr 5BBE1428/4
ConsoleRedirect.cpp: stderr 61851428/4
ConsoleRedirect.cpp: stderr 5BBE1428/4
ConsoleRedirect.cpp: stderr 61851428/4
ConsoleRedirect.cpp: stderr 5A5B1428/4
ConsoleRedirect.cpp: stderr 5C921428/4
ConsoleRedirect.cpp: stderr 5C841428/4
ConsoleRedirect.cpp: stderr 5B951428/4
ConsoleRedirect.cpp: stderr 5F291428/4
ConsoleRedirect.cpp: stderr 5F271428/4
ConsoleRedirect.cpp: stderr 5C841428/4
ConsoleRedirect.cpp: stderr 5B951428/4
ConsoleRedirect.cpp: stderr 5B371428/4
ConsoleRedirect.cpp: stderr 5C841428/4
ConsoleRedirect.cpp: stderr 5B951428/4
ConsoleRedirect.cpp: stderr 5C841428/4
ConsoleRedirect.cpp: stderr 5C841428/4
ConsoleRedirect.cpp: stderr 5F291428/4
ConsoleRedirect.cpp: stderr 5BBE1428/4
ConsoleRedirect.cpp: stderr 5F271428/4
ConsoleRedirect.cpp: stderr 5C8C1428/4
ConsoleRedirect.cpp: stderr 5BBE1428/4
ConsoleRedirect.cpp: stderr 5C8C1428/4
ConsoleRedirect.cpp: stderr 5BBE1428/4
ConsoleRedirect.cpp: stderr 5AF01428/4
ConsoleRedirect.cpp: stderr 5BBE1428/4
ConsoleRedirect.cpp: stderr 5C841428/4
ConsoleRedirect.cpp: stderr 5B951428/4
ConsoleRedirect.cpp: stderr 56431428/4
ConsoleRedirect.cpp: stderr 563D1428/4
ConsoleRedirect.cpp: stderr 56BF1428/4
ConsoleRedirect.cpp: stderr 56251428/4
ConsoleRedirect.cpp: stderr 56351428/4
ConsoleRedirect.cpp: stderr 54D71428/4
ConsoleRedirect.cpp: stderr 56431428/4
ConsoleRedirect.cpp: stderr 56BF1428/4
ConsoleRedirect.cpp: stderr 56431428/4
ConsoleRedirect.cpp: stderr 56351428/4
ConsoleRedirect.cpp: stderr 56331428/4
ConsoleRedirect.cpp: stderr 562F1428/4
ConsoleRedirect.cpp: stderr 56431428/4
ConsoleRedirect.cpp: stderr 55331428/4
ConsoleRedirect.cpp: stderr 55051428/4
ConsoleRedirect.cpp: stderr 56BF1428/4
ConsoleRedirect.cpp: stderr 562F1428/4
ConsoleRedirect.cpp: stderr 56271428/4
ConsoleRedirect.cpp: stderr 54BE1428/4
ConsoleRedirect.cpp: stderr 55331428/4
ConsoleRedirect.cpp: stderr 56251428/4
ConsoleRedirect.cpp: stderr 54BE1428/4
ConsoleRedirect.cpp: stderr 56251428/4
ConsoleRedirect.cpp: stderr 54BE1428/4
ConsoleRedirect.cpp: stderr 54BE1428/4
ConsoleRedirect.cpp: stderr 54A11428/4
ConsoleRedirect.cpp: stderr 56271428/4
ConsoleRedirect.cpp: stderr 62D61428/4
ConsoleRedirect.cpp: stderr 61E51428/4
ConsoleRedirect.cpp: stderr 5C2E1428/4
ConsoleRedirect.cpp: stderr 5C0E1428/4
ConsoleRedirect.cpp: stderr 5A491428/4
ConsoleRedirect.cpp: stderr 5A2A1428/4
ConsoleRedirect.cpp: stderr 5BFF1428/4
ConsoleRedirect.cpp: stderr 5A381428/4
ConsoleRedirect.cpp: stderr 64261428/5
ConsoleRedirect.cpp: stderr 58611428/4
ConsoleRedirect.cpp: stderr 5A171428/4
ConsoleRedirect.cpp: stderr 5D361428/4
ConsoleRedirect.cpp: stderr 5B911428/4
ConsoleRedirect.cpp: stderr 557E1428/4
ConsoleRedirect.cpp: stderr 5C771428/4
ConsoleRedirect.cpp: stderr 55C81428/4
ConsoleRedirect.cpp: stderr 55B11428/4
ConsoleRedirect.cpp: stderr 5B821428/4
ConsoleRedirect.cpp: stderr 5BA01428/4
ConsoleRedirect.cpp: stderr 5B7D1428/4
ConsoleRedirect.cpp: stderr 5B5F1428/4
ConsoleRedirect.cpp: stderr 5B7D1428/4
ConsoleRedirect.cpp: stderr 5B9B1428/4
ConsoleRedirect.cpp: stderr 5BA61428/4
ConsoleRedirect.cpp: stderr 5BFC1428/4
ConsoleRedirect.cpp: stderr 5E791428/4
ConsoleRedirect.cpp: stderr 5E6B1428/4
ConsoleRedirect.cpp: stderr 5E631428/4
ConsoleRedirect.cpp: stderr 5E6B1428/4
ConsoleRedirect.cpp: stderr 5C381428/4
ConsoleRedirect.cpp: stderr 5C561428/4
ConsoleRedirect.cpp: stderr 5C591428/4
ConsoleRedirect.cpp: stderr 5C381428/4
ConsoleRedirect.cpp: stderr 5C381428/4
ConsoleRedirect.cpp: stderr 5C3B1428/4
ConsoleRedirect.cpp: stderr 5C451428/4
ConsoleRedirect.cpp: stderr 5C2A1428/4
ConsoleRedirect.cpp: stderr 5CAB1428/4
ConsoleRedirect.cpp: stderr 5CD71428/4
ConsoleRedirect.cpp: stderr 5CC91428/4
ConsoleRedirect.cpp: stderr 5C481428/4
ConsoleRedirect.cpp: stderr 5CAB1428/4
ConsoleRedirect.cpp: stderr 60FF1428/4
ConsoleRedirect.cpp: stderr 602E1428/4
ConsoleRedirect.cpp: stderr 5B2A1428/4
ConsoleRedirect.cpp: stderr 5C1D1428/4
ConsoleRedirect.cpp: stderr 59441428/4
ConsoleRedirect.cpp: stderr 59361428/4
ConsoleRedirect.cpp: stderr 59391428/4
ConsoleRedirect.cpp: stderr 59271428/4
ConsoleRedirect.cpp: stderr 59181428/4
ConsoleRedirect.cpp: stderr 592C1428/4
ConsoleRedirect.cpp: stderr 53661428/4
ConsoleRedirect.cpp: stderr 53201428/4
ConsoleRedirect.cpp: stderr 567F1428/4
ConsoleRedirect.cpp: stderr 53651428/4
ConsoleRedirect.cpp: stderr 534C1428/4
ConsoleRedirect.cpp: stderr 54751428/4
ConsoleRedirect.cpp: stderr 545E1428/4
ConsoleRedirect.cpp: stderr 54471428/4
ConsoleRedirect.cpp: stderr 54341428/4
ConsoleRedirect.cpp: stderr 54471428/4
ConsoleRedirect.cpp: stderr 54341428/4
ConsoleRedirect.cpp: stderr 54151428/4
ConsoleRedirect.cpp: stderr 54251428/4
ConsoleRedirect.cpp: stderr 54121428/4
ConsoleRedirect.cpp: stderr 54251428/4
ConsoleRedirect.cpp: stderr 54121428/4
ConsoleRedirect.cpp: stderr 54251428/4
ConsoleRedirect.cpp: stderr 57BF1428/4
ConsoleRedirect.cpp: stderr 57771428/4
ConsoleRedirect.cpp: stderr 58011428/4
ConsoleRedirect.cpp: stderr 57601428/4
ConsoleRedirect.cpp: stderr 57601428/4
ConsoleRedirect.cpp: stderr 574D1428/4
ConsoleRedirect.cpp: stderr 57601428/4
ConsoleRedirect.cpp: stderr 58371428/4
ConsoleRedirect.cpp: stderr 58321428/4
ConsoleRedirect.cpp: stderr 58061428/4
ConsoleRedirect.cpp: stderr FA21428/4
ConsoleRedirect.cpp: stderr F4D1428/4
ConsoleRedirect.cpp: stderr 50121428/4
ConsoleRedirect.cpp: stderr FB01428/4
ConsoleRedirect.cpp: stderr FC71428/4
ConsoleRedirect.cpp: stderr FF81428/4
ConsoleRedirect.cpp: stderr 50121428/4
ConsoleRedirect.cpp: stderr 50651428/4
ConsoleRedirect.cpp: stderr 5A561428/4
ConsoleRedirect.cpp: stderr 5B111428/4
ConsoleRedirect.cpp: stderr 5B2C1428/4
ConsoleRedirect.cpp: stderr 5B131428/4
ConsoleRedirect.cpp: stderr 608D1428/4
ConsoleRedirect.cpp: stderr 5EA71428/4
ConsoleRedirect.cpp: stderr 5BC51428/4
ConsoleRedirect.cpp: stderr 609F1428/4
ConsoleRedirect.cpp: stderr 5BF31428/4
ConsoleRedirect.cpp: stderr 5EA71428/4
ConsoleRedirect.cpp: stderr 5B211428/4
ConsoleRedirect.cpp: stderr 5EA71428/4
ConsoleRedirect.cpp: stderr 5BC51428/4
ConsoleRedirect.cpp: stderr 60901428/4
ConsoleRedirect.cpp: stderr 5BC51428/4
ConsoleRedirect.cpp: stderr 5BC51428/4
ConsoleRedirect.cpp: stderr 55561428/4
ConsoleRedirect.cpp: stderr 55431428/4
ConsoleRedirect.cpp: stderr 55301428/4
ConsoleRedirect.cpp: stderr 55561428/4
ConsoleRedirect.cpp: stderr 55611428/4
ConsoleRedirect.cpp: stderr 554D1428/4
ConsoleRedirect.cpp: stderr 55351428/4
ConsoleRedirect.cpp: stderr 55711428/4
ConsoleRedirect.cpp: stderr 55351428/4
ConsoleRedirect.cpp: stderr 55521428/4
ConsoleRedirect.cpp: stderr 55541428/4
ConsoleRedirect.cpp: stderr 55711428/4
ConsoleRedirect.cpp: stderr 55531428/4
ConsoleRedirect.cpp: stderr 556B1428/4
ConsoleRedirect.cpp: stderr 553D1428/4
ConsoleRedirect.cpp: stderr 553E1428/4
ConsoleRedirect.cpp: stderr 5B231428/4
ConsoleRedirect.cpp: stderr 61C11428/4
ConsoleRedirect.cpp: stderr 54091428/4
ConsoleRedirect.cpp: stderr 54151428/4
ConsoleRedirect.cpp: stderr 53C41428/4
ConsoleRedirect.cpp: stderr 53F21428/4
ConsoleRedirect.cpp: stderr 53A71428/4
ConsoleRedirect.cpp: stderr 53941428/4
ConsoleRedirect.cpp: stderr 53A71428/4
ConsoleRedirect.cpp: stderr 53F81428/4
ConsoleRedirect.cpp: stderr 5AAC1428/4
ConsoleRedirect.cpp: stderr 56A91428/4
ConsoleRedirect.cpp: stderr 56961428/4
ConsoleRedirect.cpp: stderr 568A1428/4
ConsoleRedirect.cpp: stderr 56771428/4
ConsoleRedirect.cpp: stderr 56901428/4
ConsoleRedirect.cpp: stderr 56DC1428/4
ConsoleRedirect.cpp: stderr 56141428/4
ConsoleRedirect.cpp: stderr 56811428/4
ConsoleRedirect.cpp: stderr 566E1428/4
ConsoleRedirect.cpp: stderr 56901428/4
ConsoleRedirect.cpp: stderr 56141428/4
ConsoleRedirect.cpp: stderr 56901428/4
ConsoleRedirect.cpp: stderr 56721428/4
ConsoleRedirect.cpp: stderr 54401428/4
ConsoleRedirect.cpp: stderr 55021428/4
ConsoleRedirect.cpp: stderr F621428/4
ConsoleRedirect.cpp: stderr FD71428/4
ConsoleRedirect.cpp: stderr 10111428/4
ConsoleRedirect.cpp: stderr FB51428/4
ConsoleRedirect.cpp: stderr F551428/4
ConsoleRedirect.cpp: stderr FED1428/4
ConsoleRedirect.cpp: stderr 54FD1428/4
ConsoleRedirect.cpp: stderr 54B01428/4
ConsoleRedirect.cpp: stderr 54591428/4
ConsoleRedirect.cpp: stderr 54491428/4
ConsoleRedirect.cpp: stderr 54BC1428/4
ConsoleRedirect.cpp: stderr 54591428/5
ConsoleRedirect.cpp: stderr 5CE91428/4
ConsoleRedirect.cpp: stderr 5CE91428/4
ConsoleRedirect.cpp: stderr 54C41428/4
ConsoleRedirect.cpp: stderr 54E81428/4
ConsoleRedirect.cpp: stderr 54AD1428/4
ConsoleRedirect.cpp: stderr 544F1428/4
ConsoleRedirect.cpp: stderr 54E21428/4
ConsoleRedirect.cpp: stderr 54BA1428/4
ConsoleRedirect.cpp: stderr 54CB1428/4
ConsoleRedirect.cpp: stderr 63AA1428/5
ConsoleRedirect.cpp: stderr 5AB01428/4
ConsoleRedirect.cpp: stderr 5A5F1428/4
ConsoleRedirect.cpp: stderr 56F11428/4
ConsoleRedirect.cpp: stderr 50111428/4
ConsoleRedirect.cpp: stderr 54551428/4
ConsoleRedirect.cpp: stderr 545A1428/4
ConsoleRedirect.cpp: stderr 63D11428/5
ConsoleRedirect.cpp: stderr 5A821428/4
ConsoleRedirect.cpp: stderr 5A741428/4
ConsoleRedirect.cpp: stderr 63A41428/5
ConsoleRedirect.cpp: stderr 56AC1428/4
ConsoleRedirect.cpp: stderr 5FDA1428/4
ConsoleRedirect.cpp: stderr 5FBD1428/4
ConsoleRedirect.cpp: stderr 5FAA1428/4
ConsoleRedirect.cpp: stderr 5F801428/4
ConsoleRedirect.cpp: stderr 6B6C1428/5
ConsoleRedirect.cpp: stderr 59B41428/5
ConsoleRedirect.cpp: stderr 5BCA1428/5
ConsoleRedirect.cpp: stderr 5C351428/5
ConsoleRedirect.cpp: stderr 5BCA1428/5
ConsoleRedirect.cpp: stderr 56421428/5
ConsoleRedirect.cpp: stderr 5BAF1428/5
