MultiTimeModel Model\MI_20140729_tectrain20141111-150159_1.txt
TrainingFileListName TrainingFiles.txt
Train_MTS_Para [121,122,125] [0,1,1] [0.5,2.5]
UsedChannelIdx [6 7 8 9 10 11 12 13 14 15 16 17 18 19 20 21 22 23 24 25 27 28 29 30 31]
Wait for exit...
Reading configuration file
D:\ZhengYang\Users_MotorImageGame\Vivian\MITrain.cfg
D:\ZhengYang\Users_MotorImageGame\Vivian\TrainingFiles.txt
ccwang: Loading data from a list of files included in list definition file: D:\ZhengYang\Users_MotorImageGame\Vivian\TrainingFiles.txt
Load Continuous EEG Data from D:\ZhengYang\Users_MotorImageGame\Vivian\20140729\DataTraining\MI_LRI_1_2014-07-29_Training\MI_LRI_NeuroScan_17F1E45.cnt ...
Load Continuous EEG Data from D:\ZhengYang\Users_MotorImageGame\Vivian\20140729\DataTraining\MI_LRI_1_2014-07-29_Training\MI_LRI_NeuroScan_17F1E45.cnt ...
Load Continuous EEG Data from D:\ZhengYang\Users_MotorImageGame\Vivian\20140729\DataTraining\MI_LRI_2_2014-07-29_Training\MI_LRI_NeuroScan_17F1E45.cnt ...
Load Continuous EEG Data from D:\ZhengYang\Users_MotorImageGame\Vivian\20140729\DataTraining\MI_LRI_3_2014-07-29_Training\MI_LRI_NeuroScan_17F1E45.cnt ...
Warning: 109-th Stim not recognized: -1!
Warning: 218-th Stim not recognized: -1!
Warning: 327-th Stim not recognized: -1!
Warning: 436-th Stim not recognized: -1!
Extract EEG data segments [0, 2.500] ...
2-fold crossvalidation, select parts ...
Training model using whole data set ...
Single time segment FBCSP using [0.500,2.500]s
PREPBFILTER filtering 9 filter bands..........
PREPFBCSP computing CSP...
Done. Self testing ...
PREPBFILTER filtering 9 filter bands..........
PREPFBCSP computing CSP...
Result of self-testing accuracy = 90.277778.

Exist code: 0
